<?xml version="1.0" encoding="UTF-8"?>
<!-- Generated by org.testng.reporters.JUnitReportReporter -->
<testsuite hostname="LAPTOP-IAO4A7LE" failures="0" tests="1" name="junelummaven.Atest" time="23.772" errors="0" timestamp="2024-10-21T09:30:40 IST" skipped="0">
  <testcase classname="junelummaven.Atest" name="url" time="23.772"/>
  <system-out/>
</testsuite> <!-- junelummaven.Atest -->
